Design Assistant report for arquivoOndas
Mon Jun 18 19:16:03 2018
Quartus II 64-Bit Version 13.0.0 Build 156 04/24/2013 SJ Web Edition


---------------------
; Table of Contents ;
---------------------
  1. Legal Notice
  2. Design Assistant Summary
  3. Design Assistant Settings
  4. Information only Violations
  5. Design Assistant Messages



----------------
; Legal Notice ;
----------------
Copyright (C) 1991-2013 Altera Corporation
Your use of Altera Corporation's design tools, logic functions 
and other software and tools, and its AMPP partner logic 
functions, and any output files from any of the foregoing 
(including device programming or simulation files), and any 
associated documentation or information are expressly subject 
to the terms and conditions of the Altera Program License 
Subscription Agreement, Altera MegaCore Function License 
Agreement, or other applicable license agreement, including, 
without limitation, that your use is for the sole purpose of 
programming logic devices manufactured by Altera and sold by 
Altera or its authorized distributors.  Please refer to the 
applicable agreement for further details.



+-------------------------------------------------------------------------+
; Design Assistant Summary                                                ;
+-----------------------------------+-------------------------------------+
; Design Assistant Status           ; Analyzed - Mon Jun 18 19:16:03 2018 ;
; Revision Name                     ; arquivoOndas                        ;
; Top-level Entity Name             ; arquivoOndas                        ;
; Family                            ; Cyclone IV E                        ;
; Total Critical Violations         ; 0                                   ;
; Total High Violations             ; 0                                   ;
; Total Medium Violations           ; 0                                   ;
; Total Information only Violations ; 8                                   ;
; - Rule T102                       ; 8                                   ;
+-----------------------------------+-------------------------------------+


+----------------------------------------------------------------------------------------------------------------------------------------------------------------------------------------------------------------------------------------------------------------------------------------------------------+
; Design Assistant Settings                                                                                                                                                                                                                                                                                ;
+--------------------------------------------------------------------------------------------------------------------------------------------------------------------------------------------------------------------------------------------------------------------------------------+--------------+----+
; Option                                                                                                                                                                                                                                                                               ; Setting      ; To ;
+--------------------------------------------------------------------------------------------------------------------------------------------------------------------------------------------------------------------------------------------------------------------------------------+--------------+----+
; Design Assistant mode                                                                                                                                                                                                                                                                ; Post-Fitting ;    ;
; Threshold value for clock net not mapped to clock spines rule                                                                                                                                                                                                                        ; 25           ;    ;
; Minimum number of clock port feed by gated clocks                                                                                                                                                                                                                                    ; 30           ;    ;
; Minimum number of node fan-out                                                                                                                                                                                                                                                       ; 30           ;    ;
; Maximum number of nodes to report                                                                                                                                                                                                                                                    ; 50           ;    ;
; Rule C101: Gated clock should be implemented according to the Altera standard scheme                                                                                                                                                                                                 ; On           ;    ;
; Rule C102: Logic cell should not be used to generate an inverted clock signal                                                                                                                                                                                                        ; On           ;    ;
; Rule C103: Gated clock does not feed at least a pre-defined number of clock ports to effectively save power                                                                                                                                                                          ; On           ;    ;
; Rule C104: Clock signal source should drive only clock input ports                                                                                                                                                                                                                   ; On           ;    ;
; Rule C105: Clock signal should be a global signal (Rule applies during post-fitting analysis. This rule applies during both post-fitting analysis and post-synthesis analysis if the design targets a MAX 3000 or MAX 7000 device. For more information, see the Help for the rule.) ; On           ;    ;
; Rule C106: Clock signal source should not drive registers triggered by different clock edges                                                                                                                                                                                         ; On           ;    ;
; Rule R101: Combinational logic used as a reset signal should be synchronized                                                                                                                                                                                                         ; On           ;    ;
; Rule R102: External reset signals should be synchronized using two cascaded registers                                                                                                                                                                                                ; On           ;    ;
; Rule R103: External reset signal should be correctly synchronized                                                                                                                                                                                                                    ; On           ;    ;
; Rule R104: The reset signal that is generated in one clock domain and used in another clock domain should be correctly synchronized                                                                                                                                                  ; On           ;    ;
; Rule R105: The reset signal that is generated in one clock domain and used in another clock domain should be synchronized                                                                                                                                                            ; On           ;    ;
; Rule T101: Nodes with more than the specified number of fan-outs                                                                                                                                                                                                                     ; On           ;    ;
; Rule T102: Top nodes with the highest number of fan-outs                                                                                                                                                                                                                             ; On           ;    ;
; Rule A101: Design should not contain combinational loops                                                                                                                                                                                                                             ; On           ;    ;
; Rule A102: Register output should not drive its own control signal directly or through combinational logic                                                                                                                                                                           ; On           ;    ;
; Rule A103: Design should not contain delay chains                                                                                                                                                                                                                                    ; On           ;    ;
; Rule A104: Design should not contain ripple clock structures                                                                                                                                                                                                                         ; On           ;    ;
; Rule A105: Pulses should not be implemented asynchronously                                                                                                                                                                                                                           ; On           ;    ;
; Rule A106: Multiple pulses should not be generated in design                                                                                                                                                                                                                         ; On           ;    ;
; Rule A107: Design should not contain SR latches                                                                                                                                                                                                                                      ; On           ;    ;
; Rule A108: Design should not contain latches                                                                                                                                                                                                                                         ; On           ;    ;
; Rule S101: Output enable and input of the same tri-state node should not be driven by same signal source                                                                                                                                                                             ; On           ;    ;
; Rule S102: Synchronous port and asynchronous port of the same register should not be driven by the same signal source                                                                                                                                                                ; On           ;    ;
; Rule S103: More than one asynchronous port of a register should not be driven by the same signal source                                                                                                                                                                              ; On           ;    ;
; Rule S104: Clock port and any other port of a register should not be driven by the same signal source                                                                                                                                                                                ; On           ;    ;
; Rule D101: Data bits are not synchronized when transferred between asynchronous clock domains                                                                                                                                                                                        ; On           ;    ;
; Rule D102: Multiple data bits that are transferred across asynchronous clock domains are synchronized, but not all bits may be aligned in the receiving clock domain                                                                                                                 ; On           ;    ;
; Rule D103: Data bits are not correctly synchronized when transferred between asynchronous clock domains                                                                                                                                                                              ; On           ;    ;
; Rule M101: Data bits are not synchronized when transferred to the state machine of asynchronous clock domains                                                                                                                                                                        ; Off          ;    ;
; Rule M102: No reset signal defined to initialize the state machine                                                                                                                                                                                                                   ; Off          ;    ;
; Rule M103: State machine should not contain an unreachable state                                                                                                                                                                                                                     ; Off          ;    ;
; Rule M104: State machine should not contain a deadlock state                                                                                                                                                                                                                         ; Off          ;    ;
; Rule M105: State machine should not contain a dead transition                                                                                                                                                                                                                        ; Off          ;    ;
+--------------------------------------------------------------------------------------------------------------------------------------------------------------------------------------------------------------------------------------------------------------------------------------+--------------+----+


+-------------------------------------------------------------------------------------+
; Information only Violations                                                         ;
+----------------------------------------------------------+----------------+---------+
; Rule name                                                ; Name           ; Fan-Out ;
+----------------------------------------------------------+----------------+---------+
; Rule T102: Top nodes with the highest number of fan-outs ; clock          ; 1       ;
; Rule T102: Top nodes with the highest number of fan-outs ; hex0[0]~output ; 1       ;
; Rule T102: Top nodes with the highest number of fan-outs ; hex0[1]~output ; 1       ;
; Rule T102: Top nodes with the highest number of fan-outs ; hex0[2]~output ; 1       ;
; Rule T102: Top nodes with the highest number of fan-outs ; hex0[3]~output ; 1       ;
; Rule T102: Top nodes with the highest number of fan-outs ; hex0[4]~output ; 1       ;
; Rule T102: Top nodes with the highest number of fan-outs ; hex0[5]~output ; 1       ;
; Rule T102: Top nodes with the highest number of fan-outs ; hex0[6]~output ; 1       ;
+----------------------------------------------------------+----------------+---------+


+---------------------------+
; Design Assistant Messages ;
+---------------------------+
Info: *******************************************************************
Info: Running Quartus II 64-Bit Design Assistant
    Info: Version 13.0.0 Build 156 04/24/2013 SJ Web Edition
    Info: Processing started: Mon Jun 18 19:16:02 2018
Info: Command: quartus_drc --read_settings_files=off --write_settings_files=off mainCaminhoDados2 -c arquivoOndas
Info (332104): Reading SDC File: 'arquivoOndas.out.sdc'
Warning (332049): Ignored create_clock at arquivoOndas.out.sdc(1): Option -name: Name not specified and could not be automatically determined
    Info (332050): create_clock -period 50
Info (332144): No user constrained base clocks found in the design
Info (332096): The command derive_clocks did not find any clocks to derive.  No clocks were created or changed.
Warning (332068): No clocks defined in design.
Info (332143): No user constrained clock uncertainty found in the design. Calling "derive_clock_uncertainty"
Info (332154): The derive_clock_uncertainty command did not apply clock uncertainty to any clock-to-clock transfers.
Info (308044): (Information) Rule T102: Top nodes with the highest number of fan-outs. (Value defined:50). Found 8 node(s) with highest fan-out.
    Info (308011): Node  "clock"
    Info (308011): Node  "hex0[0]~output"
    Info (308011): Node  "hex0[1]~output"
    Info (308011): Node  "hex0[2]~output"
    Info (308011): Node  "hex0[3]~output"
    Info (308011): Node  "hex0[4]~output"
    Info (308011): Node  "hex0[5]~output"
    Info (308011): Node  "hex0[6]~output"
Info (308007): Design Assistant information: finished post-fitting analysis of current design -- generated 8 information messages and 0 warning messages
Info: Quartus II 64-Bit Design Assistant was successful. 0 errors, 2 warnings
    Info: Peak virtual memory: 4548 megabytes
    Info: Processing ended: Mon Jun 18 19:16:03 2018
    Info: Elapsed time: 00:00:01
    Info: Total CPU time (on all processors): 00:00:01


